<?xml version="1.0" encoding="UTF-8"?>
<!-- Generated by org.testng.reporters.JUnitReportReporter -->
<testsuite hostname="MSI" failures="0" tests="1" name="tests.LoginTest" time="7.851" errors="0" timestamp="2023-07-21T11:04:26 IST" skipped="0">
  <testcase classname="tests.LoginTest" name="verifyLoginFeature" time="7.851"/>
  <system-out/>
</testsuite> <!-- tests.LoginTest -->
