<?xml version="1.0" encoding="UTF-8"?>
<!-- Generated by org.testng.reporters.JUnitReportReporter -->
<testsuite hostname="MSI" failures="0" tests="1" name="conditionalWaitExample.HRMLoginApp" time="3.760" errors="0" timestamp="2023-07-21T10:07:46 IST" skipped="0">
  <testcase classname="conditionalWaitExample.HRMLoginApp" name="verifyLoginFeature" time="3.760"/>
  <system-out/>
</testsuite> <!-- conditionalWaitExample.HRMLoginApp -->
