<?xml version="1.0" encoding="UTF-8"?>
<!-- Generated by org.testng.reporters.JUnitReportReporter -->
<testsuite hostname="MSI" failures="0" tests="3" name="crossBrowserTestNG.NOPCommLogin" time="71.661" errors="0" timestamp="2023-07-20T09:23:33 IST" skipped="0">
  <testcase classname="crossBrowserTestNG.NOPCommLogin" name="login" time="24.916"/>
  <system-out/>
  <testcase classname="crossBrowserTestNG.NOPCommLogin" name="login" time="24.241"/>
  <system-out/>
  <testcase classname="crossBrowserTestNG.NOPCommLogin" name="login" time="22.504"/>
  <system-out/>
</testsuite> <!-- crossBrowserTestNG.NOPCommLogin -->
