<?xml version="1.0" encoding="UTF-8"?>
<!-- Generated by org.testng.reporters.JUnitReportReporter -->
<testsuite hostname="MSI" failures="0" tests="1" name="xpathAxisExample.DragDropTest" time="3.055" errors="0" timestamp="2023-07-20T11:00:43 IST" skipped="0">
  <testcase classname="xpathAxisExample.DragDropTest" name="doubleClickTest" time="3.055"/>
  <system-out/>
</testsuite> <!-- xpathAxisExample.DragDropTest -->
