<?xml version="1.0" encoding="UTF-8"?>
<!-- Generated by org.testng.reporters.JUnitReportReporter -->
<testsuite hostname="MSI" failures="0" tests="2" name="retryExample.GoogleTest" time="0.001" errors="0" timestamp="24 Jul 2023 04:11:53 GMT">
  <testcase classname="retryExample.GoogleTest" name="searchItemOnGooglePage" time="0.001"/>
  <testcase classname="retryExample.GoogleTest" name="verifyGpayFeature" time="0.000"/>
</testsuite> <!-- retryExample.GoogleTest -->
