<?xml version="1.0" encoding="UTF-8"?>
<!-- Generated by org.testng.reporters.JUnitReportReporter -->
<testsuite hostname="MSI" failures="0" tests="1" name="xpathAxisExample.SampleApp_WebTable_Xpath2" time="0.115" errors="0" timestamp="2023-07-21T09:37:31 IST" skipped="0">
  <testcase classname="xpathAxisExample.SampleApp_WebTable_Xpath2" name="doubleClickTest" time="0.115"/>
  <system-out/>
</testsuite> <!-- xpathAxisExample.SampleApp_WebTable_Xpath2 -->
