<?xml version="1.0" encoding="UTF-8"?>
<!-- Generated by org.testng.reporters.JUnitReportReporter -->
<testsuite hostname="MSI" failures="0" tests="1" name="conditionalWaitExample.ConditionalWait_ClickableElement" time="15.205" errors="0" timestamp="2023-07-21T10:25:46 IST" skipped="0">
  <testcase classname="conditionalWaitExample.ConditionalWait_ClickableElement" name="verifyLoginFeature" time="15.205"/>
  <system-out/>
</testsuite> <!-- conditionalWaitExample.ConditionalWait_ClickableElement -->
