<?xml version="1.0" encoding="UTF-8"?>
<!-- Generated by org.testng.reporters.JUnitReportReporter -->
<testsuite hostname="MSI" failures="0" tests="1" name="rutoExample.NOPCommAppLogin" time="0.238" errors="0" timestamp="2023-07-20T10:33:21 IST" skipped="0">
  <testcase classname="rutoExample.NOPCommAppLogin" name="verifyLoginFeature" time="0.238"/>
  <system-out/>
</testsuite> <!-- rutoExample.NOPCommAppLogin -->
