<?xml version="1.0" encoding="UTF-8"?>
<!-- Generated by org.testng.reporters.JUnitReportReporter -->
<testsuite hostname="MSI" failures="0" tests="1" name="conditionalWaitExample.ConditionalWait_Element" time="14.809" errors="0" timestamp="2023-07-21T10:22:07 IST" skipped="0">
  <testcase classname="conditionalWaitExample.ConditionalWait_Element" name="verifyLoginFeature" time="14.809"/>
  <system-out/>
</testsuite> <!-- conditionalWaitExample.ConditionalWait_Element -->
