<?xml version="1.0" encoding="UTF-8"?>
<!-- Generated by org.testng.reporters.JUnitReportReporter -->
<testsuite hostname="MSI" failures="0" tests="1" name="conditionalWaitExample.ConditionalWaitAlert" time="12.831" errors="0" timestamp="2023-07-21T10:16:06 IST" skipped="0">
  <testcase classname="conditionalWaitExample.ConditionalWaitAlert" name="verifyLoginFeature" time="12.831"/>
  <system-out/>
</testsuite> <!-- conditionalWaitExample.ConditionalWaitAlert -->
