<?xml version="1.0" encoding="UTF-8"?>
<!-- Generated by org.testng.reporters.JUnitReportReporter -->
<testsuite hostname="DESKTOP-QNHJ5Q7" name="ddtExample.NOPCommLogin" tests="4" failures="0" timestamp="27 Jul 2023 05:21:40 GMT" time="53.690" errors="0">
  <testcase name="verifyLoginWithInValidCred" time="13.143" classname="ddtExample.NOPCommLogin"/>
  <testcase name="verifyLoginWithInValidCred" time="14.024" classname="ddtExample.NOPCommLogin"/>
  <testcase name="verifyLoginWithInValidCred" time="13.334" classname="ddtExample.NOPCommLogin"/>
  <testcase name="verifyLoginWithInValidCred" time="13.189" classname="ddtExample.NOPCommLogin"/>
</testsuite> <!-- ddtExample.NOPCommLogin -->
